<?xml version="1.0" encoding="UTF-8"?>
<!-- Generated by org.testng.reporters.JUnitReportReporter -->
<testsuite hostname="Nikhil" failures="0" tests="2" name="runners.TestRunner" time="0.160" errors="0" timestamp="15 Apr 2025 18:27:01 GMT" skipped="0">
  <testcase classname="runners.TestRunner" name="runScenario" time="0.152"/>
  <testcase classname="runners.TestRunner" name="runScenario" time="0.008"/>
</testsuite> <!-- runners.TestRunner -->
